<?xml version="1.0" encoding="UTF-8"?>
<!-- Generated by org.testng.reporters.JUnitReportReporter -->
<testsuite hostname="LAPTOP-5OB1FN0K" failures="0" tests="1" name="scenarios.webMobileTests" time="24.475" errors="0" timestamp="2021-12-12T12:42:40 MSK" skipped="0">
  <testcase classname="scenarios.webMobileTests" name="searchTest" time="24.475"/>
  <system-out/>
</testsuite> <!-- scenarios.webMobileTests -->
